Using pre-set license
Built from '2021.1/staging' branch; Version is '2021.1.6f1 (c0fade0cc7e9) revision 12647134'; Using compiler version '192528614'; Build Type 'Release'
OS: 'Windows 10 Home; OS build 19043.1586; Version 2009; 64bit' Language: 'en' Physical Memory: 16334 MB
BatchMode: 1, IsHumanControllingUs: 0, StartBugReporterOnCrash: 0, Is64bit: 1, IsPro: 0

 COMMAND LINE ARGUMENTS:
C:\Program Files\Unity\Hub\Editor\2021.1.6f1\Editor\Unity.exe
-adb2
-batchMode
-noUpm
-name
AssetImportWorker0
-projectPath
C:/Users/hagel/Documents/Unity/Bottle
-logFile
Logs/AssetImportWorker0.log
-srvPort
55024
Successfully changed project path to: C:/Users/hagel/Documents/Unity/Bottle
C:/Users/hagel/Documents/Unity/Bottle
Using Asset Import Pipeline V2.
Refreshing native plugins compatible for Editor in 88.41 ms, found 2 plugins.
Preloading 0 native plugins for Editor in 0.00 ms.
Initialize engine version: 2021.1.6f1 (c0fade0cc7e9)
[Subsystems] Discovering subsystems at path C:/Program Files/Unity/Hub/Editor/2021.1.6f1/Editor/Data/Resources/UnitySubsystems
[Subsystems] Discovering subsystems at path C:/Users/hagel/Documents/Unity/Bottle/Assets
GfxDevice: creating device client; threaded=0; jobified=0
Direct3D:
    Version:  Direct3D 11.0 [level 11.1]
    Renderer: AMD Radeon RX 5600 XT (ID=0x731f)
    Vendor:   ATI
    VRAM:     6103 MB
    Driver:   30.0.13023.4001
Initialize mono
Mono path[0] = 'C:/Program Files/Unity/Hub/Editor/2021.1.6f1/Editor/Data/Managed'
Mono path[1] = 'C:/Program Files/Unity/Hub/Editor/2021.1.6f1/Editor/Data/MonoBleedingEdge/lib/mono/unityjit'
Mono config path = 'C:/Program Files/Unity/Hub/Editor/2021.1.6f1/Editor/Data/MonoBleedingEdge/etc'
Using monoOptions --debugger-agent=transport=dt_socket,embedding=1,server=y,suspend=n,address=127.0.0.1:56208
Begin MonoManager ReloadAssembly
Registering precompiled unity dll's ...
Register platform support module: C:/Program Files/Unity/Hub/Editor/2021.1.6f1/Editor/Data/PlaybackEngines/WindowsStandaloneSupport/UnityEditor.WindowsStandalone.Extensions.dll
Registered in 0.002203 seconds.
Native extension for WindowsStandalone target not found
Refreshing native plugins compatible for Editor in 129.58 ms, found 2 plugins.
Preloading 0 native plugins for Editor in 0.00 ms.
Mono: successfully reloaded assembly
- Completed reload, in  1.948 seconds
Platform modules already initialized, skipping
Registering precompiled user dll's ...
Registered in 0.005412 seconds.
Begin MonoManager ReloadAssembly
Native extension for WindowsStandalone target not found
Refreshing native plugins compatible for Editor in 97.60 ms, found 2 plugins.
Preloading 0 native plugins for Editor in 0.00 ms.
Mono: successfully reloaded assembly
- Completed reload, in  1.111 seconds
Platform modules already initialized, skipping
========================================================================
Worker process is ready to serve import requests
Launched and connected shader compiler UnityShaderCompiler.exe after 0.04 seconds
Refreshing native plugins compatible for Editor in 0.82 ms, found 2 plugins.
Preloading 0 native plugins for Editor in 0.00 ms.
Unloading 3476 Unused Serialized files (Serialized files now loaded: 0)
System memory in use before: 135.1 MB.
System memory in use after: 135.4 MB.

Unloading 37 unused Assets to reduce memory usage. Loaded Objects now: 3920.
Total: 2.321700 ms (FindLiveObjects: 0.305400 ms CreateObjectMapping: 0.086700 ms MarkObjects: 1.873700 ms  DeleteObjects: 0.055100 ms)

========================================================================
Received Import Request.
  path: Assets/AddPlayer.cs
  artifactKey: Guid(743aaa01e128d6b4594687038e1e0915) Importer(815301076,1909f56bfc062723c751e8b465ee728b)
Start importing Assets/AddPlayer.cs using Guid(743aaa01e128d6b4594687038e1e0915) Importer(815301076,1909f56bfc062723c751e8b465ee728b)  -> (artifact id: '7e0696faa68b87ccc7070c2e5a455689') in 0.039187 seconds 
========================================================================
Received Prepare
Registering precompiled user dll's ...
Registered in 0.004126 seconds.
Begin MonoManager ReloadAssembly
Native extension for WindowsStandalone target not found
Refreshing native plugins compatible for Editor in 0.85 ms, found 2 plugins.
Preloading 0 native plugins for Editor in 0.00 ms.
Mono: successfully reloaded assembly
- Completed reload, in  0.901 seconds
Platform modules already initialized, skipping
Switching build target platform(19) subTarget(0) extendedPlatform(0) -> platform(13) subTarget(537395200) extendedPlatform(0)
Refreshing native plugins compatible for Editor in 0.87 ms, found 2 plugins.
Preloading 0 native plugins for Editor in 0.00 ms.
Unloading 3469 Unused Serialized files (Serialized files now loaded: 0)
System memory in use before: 134.7 MB.
System memory in use after: 134.9 MB.

Unloading 25 unused Assets to reduce memory usage. Loaded Objects now: 3924.
Total: 2.582300 ms (FindLiveObjects: 0.362800 ms CreateObjectMapping: 0.087900 ms MarkObjects: 2.113000 ms  DeleteObjects: 0.017800 ms)

AssetImportParameters requested are different than current active one (requested -> active):
  custom:graphics/normal-map-encoding: 01000000000000000000000000000000 -> 02000000000000000000000000000000
========================================================================
Received Import Request.
  Time since last request: 404.059514 seconds.
  path: Assets/Player.prefab
  artifactKey: Guid(981be6362f7df174591eef9b0999a266) Importer(815301076,1909f56bfc062723c751e8b465ee728b)
Start importing Assets/Player.prefab using Guid(981be6362f7df174591eef9b0999a266) Importer(815301076,1909f56bfc062723c751e8b465ee728b)  -> (artifact id: '3c4900b717fa45b32f5f593c77549a1e') in 0.048653 seconds 
========================================================================
Received Prepare
Registering precompiled user dll's ...
Registered in 0.004598 seconds.
Begin MonoManager ReloadAssembly
Native extension for WindowsStandalone target not found
Refreshing native plugins compatible for Editor in 1.06 ms, found 2 plugins.
Preloading 0 native plugins for Editor in 0.00 ms.
Mono: successfully reloaded assembly
- Completed reload, in  0.913 seconds
Platform modules already initialized, skipping
Switching build target platform(19) subTarget(0) extendedPlatform(0) -> platform(13) subTarget(537395200) extendedPlatform(0)
Refreshing native plugins compatible for Editor in 0.62 ms, found 2 plugins.
Preloading 0 native plugins for Editor in 0.00 ms.
Unloading 3469 Unused Serialized files (Serialized files now loaded: 0)
System memory in use before: 134.8 MB.
System memory in use after: 135.1 MB.

Unloading 27 unused Assets to reduce memory usage. Loaded Objects now: 3930.
Total: 3.150700 ms (FindLiveObjects: 0.332200 ms CreateObjectMapping: 0.089900 ms MarkObjects: 2.700800 ms  DeleteObjects: 0.026700 ms)

AssetImportParameters requested are different than current active one (requested -> active):
  custom:graphics/normal-map-encoding: 01000000000000000000000000000000 -> 02000000000000000000000000000000
========================================================================
Received Import Request.
  Time since last request: 79.113548 seconds.
  path: Assets/Player.prefab
  artifactKey: Guid(981be6362f7df174591eef9b0999a266) Importer(815301076,1909f56bfc062723c751e8b465ee728b)
Start importing Assets/Player.prefab using Guid(981be6362f7df174591eef9b0999a266) Importer(815301076,1909f56bfc062723c751e8b465ee728b)  -> (artifact id: 'd59ee3c46c64f597d1863588ab47619d') in 0.044693 seconds 
========================================================================
Received Prepare
Registering precompiled user dll's ...
Registered in 0.003724 seconds.
Begin MonoManager ReloadAssembly
Native extension for WindowsStandalone target not found
Refreshing native plugins compatible for Editor in 0.86 ms, found 2 plugins.
Preloading 0 native plugins for Editor in 0.00 ms.
Mono: successfully reloaded assembly
- Completed reload, in  0.909 seconds
Platform modules already initialized, skipping
Switching build target platform(19) subTarget(0) extendedPlatform(0) -> platform(13) subTarget(537395200) extendedPlatform(0)
Refreshing native plugins compatible for Editor in 0.61 ms, found 2 plugins.
Preloading 0 native plugins for Editor in 0.00 ms.
Unloading 3469 Unused Serialized files (Serialized files now loaded: 0)
System memory in use before: 134.9 MB.
System memory in use after: 135.1 MB.

Unloading 27 unused Assets to reduce memory usage. Loaded Objects now: 3934.
Total: 2.779900 ms (FindLiveObjects: 0.294300 ms CreateObjectMapping: 0.079000 ms MarkObjects: 2.377200 ms  DeleteObjects: 0.028300 ms)

AssetImportParameters requested are different than current active one (requested -> active):
  custom:graphics/normal-map-encoding: 01000000000000000000000000000000 -> 02000000000000000000000000000000
========================================================================
Received Import Request.
  Time since last request: 83.716727 seconds.
  path: Assets/Player.prefab
  artifactKey: Guid(981be6362f7df174591eef9b0999a266) Importer(815301076,1909f56bfc062723c751e8b465ee728b)
Start importing Assets/Player.prefab using Guid(981be6362f7df174591eef9b0999a266) Importer(815301076,1909f56bfc062723c751e8b465ee728b)  -> (artifact id: '5a3b15c9c6a98c3a8741bbe24116478e') in 0.043329 seconds 
========================================================================
Received Import Request.
  Time since last request: 10.213562 seconds.
  path: Assets/Player.prefab
  artifactKey: Guid(981be6362f7df174591eef9b0999a266) Importer(815301076,1909f56bfc062723c751e8b465ee728b)
Start importing Assets/Player.prefab using Guid(981be6362f7df174591eef9b0999a266) Importer(815301076,1909f56bfc062723c751e8b465ee728b)  -> (artifact id: '1374b6b6a88a4cb5f022ab0bd5330066') in 0.005469 seconds 
========================================================================
Received Import Request.
  Time since last request: 2.828524 seconds.
  path: Assets/Player.prefab
  artifactKey: Guid(981be6362f7df174591eef9b0999a266) Importer(815301076,1909f56bfc062723c751e8b465ee728b)
Start importing Assets/Player.prefab using Guid(981be6362f7df174591eef9b0999a266) Importer(815301076,1909f56bfc062723c751e8b465ee728b)  -> (artifact id: '1c63044190f19c845607dcedb22913b7') in 0.005105 seconds 
========================================================================
Received Import Request.
  Time since last request: 3.795418 seconds.
  path: Assets/Player.prefab
  artifactKey: Guid(981be6362f7df174591eef9b0999a266) Importer(815301076,1909f56bfc062723c751e8b465ee728b)
Start importing Assets/Player.prefab using Guid(981be6362f7df174591eef9b0999a266) Importer(815301076,1909f56bfc062723c751e8b465ee728b)  -> (artifact id: '298fe92913f07fbc37e58f95e7bd9abb') in 0.006448 seconds 
========================================================================
Received Import Request.
  Time since last request: 9.668369 seconds.
  path: Assets/Player.prefab
  artifactKey: Guid(981be6362f7df174591eef9b0999a266) Importer(815301076,1909f56bfc062723c751e8b465ee728b)
Start importing Assets/Player.prefab using Guid(981be6362f7df174591eef9b0999a266) Importer(815301076,1909f56bfc062723c751e8b465ee728b)  -> (artifact id: '01804ec83ac86cc1fb308d9e9473f2c1') in 0.005761 seconds 
========================================================================
Received Import Request.
  Time since last request: 1.861713 seconds.
  path: Assets/Player.prefab
  artifactKey: Guid(981be6362f7df174591eef9b0999a266) Importer(815301076,1909f56bfc062723c751e8b465ee728b)
Start importing Assets/Player.prefab using Guid(981be6362f7df174591eef9b0999a266) Importer(815301076,1909f56bfc062723c751e8b465ee728b)  -> (artifact id: 'f9d7989da97e20d1b2672f1e38f31c5c') in 0.005431 seconds 
========================================================================
Received Import Request.
  Time since last request: 2.076343 seconds.
  path: Assets/Player.prefab
  artifactKey: Guid(981be6362f7df174591eef9b0999a266) Importer(815301076,1909f56bfc062723c751e8b465ee728b)
Start importing Assets/Player.prefab using Guid(981be6362f7df174591eef9b0999a266) Importer(815301076,1909f56bfc062723c751e8b465ee728b)  -> (artifact id: 'a13d81accbf8e7a77f9bade2dcf7a5e1') in 0.005576 seconds 
========================================================================
Received Import Request.
  Time since last request: 4.809811 seconds.
  path: Assets/Player.prefab
  artifactKey: Guid(981be6362f7df174591eef9b0999a266) Importer(815301076,1909f56bfc062723c751e8b465ee728b)
Start importing Assets/Player.prefab using Guid(981be6362f7df174591eef9b0999a266) Importer(815301076,1909f56bfc062723c751e8b465ee728b)  -> (artifact id: 'c694133e2f8bb58cc512dfaa077a97cd') in 0.005515 seconds 
========================================================================
Received Import Request.
  Time since last request: 19.317255 seconds.
  path: Assets/images
  artifactKey: Guid(cdfe7f0b8eda0cc4296a5d95e54094f6) Importer(815301076,1909f56bfc062723c751e8b465ee728b)
Start importing Assets/images using Guid(cdfe7f0b8eda0cc4296a5d95e54094f6) Importer(815301076,1909f56bfc062723c751e8b465ee728b)  -> (artifact id: 'd89e1f9b6d728798787c65d83bfedeb7') in 0.002246 seconds 
========================================================================
Received Prepare
Registering precompiled user dll's ...
Registered in 0.003610 seconds.
Begin MonoManager ReloadAssembly
Native extension for WindowsStandalone target not found
Refreshing native plugins compatible for Editor in 0.84 ms, found 2 plugins.
Preloading 0 native plugins for Editor in 0.00 ms.
Mono: successfully reloaded assembly
- Completed reload, in  0.868 seconds
Platform modules already initialized, skipping
Switching build target platform(19) subTarget(0) extendedPlatform(0) -> platform(13) subTarget(537395200) extendedPlatform(0)
Refreshing native plugins compatible for Editor in 0.52 ms, found 2 plugins.
Preloading 0 native plugins for Editor in 0.00 ms.
Unloading 3469 Unused Serialized files (Serialized files now loaded: 0)
System memory in use before: 134.9 MB.
System memory in use after: 135.1 MB.

Unloading 27 unused Assets to reduce memory usage. Loaded Objects now: 3938.
Total: 2.636900 ms (FindLiveObjects: 0.332700 ms CreateObjectMapping: 0.087500 ms MarkObjects: 2.181700 ms  DeleteObjects: 0.033900 ms)

AssetImportParameters requested are different than current active one (requested -> active):
  custom:graphics/normal-map-encoding: 01000000000000000000000000000000 -> 02000000000000000000000000000000
========================================================================
Received Prepare
Registering precompiled user dll's ...
Registered in 0.004099 seconds.
Begin MonoManager ReloadAssembly
Native extension for WindowsStandalone target not found
Refreshing native plugins compatible for Editor in 0.99 ms, found 2 plugins.
Preloading 0 native plugins for Editor in 0.00 ms.
Mono: successfully reloaded assembly
- Completed reload, in  0.888 seconds
Platform modules already initialized, skipping
Switching build target platform(19) subTarget(0) extendedPlatform(0) -> platform(13) subTarget(537395200) extendedPlatform(0)
Refreshing native plugins compatible for Editor in 0.83 ms, found 2 plugins.
Preloading 0 native plugins for Editor in 0.00 ms.
Unloading 3469 Unused Serialized files (Serialized files now loaded: 0)
System memory in use before: 134.9 MB.
System memory in use after: 135.1 MB.

Unloading 25 unused Assets to reduce memory usage. Loaded Objects now: 3942.
Total: 2.690800 ms (FindLiveObjects: 0.335000 ms CreateObjectMapping: 0.087800 ms MarkObjects: 2.244900 ms  DeleteObjects: 0.021500 ms)

AssetImportParameters requested are different than current active one (requested -> active):
  custom:graphics/normal-map-encoding: 01000000000000000000000000000000 -> 02000000000000000000000000000000
========================================================================
Received Import Request.
  Time since last request: 167.692523 seconds.
  path: Assets/Player.prefab
  artifactKey: Guid(981be6362f7df174591eef9b0999a266) Importer(815301076,1909f56bfc062723c751e8b465ee728b)
Start importing Assets/Player.prefab using Guid(981be6362f7df174591eef9b0999a266) Importer(815301076,1909f56bfc062723c751e8b465ee728b)  -> (artifact id: '305cad8be9974783123d95f859f8f49f') in 0.049197 seconds 
========================================================================
Received Prepare
Registering precompiled user dll's ...
Registered in 0.003721 seconds.
Begin MonoManager ReloadAssembly
Native extension for WindowsStandalone target not found
Refreshing native plugins compatible for Editor in 0.93 ms, found 2 plugins.
Preloading 0 native plugins for Editor in 0.00 ms.
Mono: successfully reloaded assembly
- Completed reload, in  0.927 seconds
Platform modules already initialized, skipping
Switching build target platform(19) subTarget(0) extendedPlatform(0) -> platform(13) subTarget(537395200) extendedPlatform(0)
Refreshing native plugins compatible for Editor in 0.64 ms, found 2 plugins.
Preloading 0 native plugins for Editor in 0.00 ms.
Unloading 3469 Unused Serialized files (Serialized files now loaded: 0)
System memory in use before: 134.9 MB.
System memory in use after: 135.2 MB.

Unloading 27 unused Assets to reduce memory usage. Loaded Objects now: 3946.
Total: 2.815000 ms (FindLiveObjects: 0.332500 ms CreateObjectMapping: 0.089800 ms MarkObjects: 2.360600 ms  DeleteObjects: 0.030800 ms)

AssetImportParameters requested are different than current active one (requested -> active):
  custom:graphics/normal-map-encoding: 01000000000000000000000000000000 -> 02000000000000000000000000000000
========================================================================
Received Prepare
Registering precompiled user dll's ...
Registered in 0.003690 seconds.
Begin MonoManager ReloadAssembly
Native extension for WindowsStandalone target not found
Refreshing native plugins compatible for Editor in 0.86 ms, found 2 plugins.
Preloading 0 native plugins for Editor in 0.00 ms.
Mono: successfully reloaded assembly
- Completed reload, in  0.951 seconds
Platform modules already initialized, skipping
Switching build target platform(19) subTarget(0) extendedPlatform(0) -> platform(13) subTarget(537395200) extendedPlatform(0)
Refreshing native plugins compatible for Editor in 1.29 ms, found 2 plugins.
Preloading 0 native plugins for Editor in 0.00 ms.
Unloading 3469 Unused Serialized files (Serialized files now loaded: 0)
System memory in use before: 134.9 MB.
System memory in use after: 135.2 MB.

Unloading 25 unused Assets to reduce memory usage. Loaded Objects now: 3950.
Total: 2.308600 ms (FindLiveObjects: 0.315800 ms CreateObjectMapping: 0.087100 ms MarkObjects: 1.889700 ms  DeleteObjects: 0.014800 ms)

AssetImportParameters requested are different than current active one (requested -> active):
  custom:graphics/normal-map-encoding: 01000000000000000000000000000000 -> 02000000000000000000000000000000
========================================================================
Received Import Request.
  Time since last request: 747.450006 seconds.
  path: Assets/SaveData.cs
  artifactKey: Guid(da3bfd83fec01fe46a7b404d433bf108) Importer(815301076,1909f56bfc062723c751e8b465ee728b)
Start importing Assets/SaveData.cs using Guid(da3bfd83fec01fe46a7b404d433bf108) Importer(815301076,1909f56bfc062723c751e8b465ee728b)  -> (artifact id: '133f9537eb65b60b45833aac43faa4a9') in 0.006719 seconds 
========================================================================
Received Prepare
Registering precompiled user dll's ...
Registered in 0.003599 seconds.
Begin MonoManager ReloadAssembly
Native extension for WindowsStandalone target not found
Refreshing native plugins compatible for Editor in 0.86 ms, found 2 plugins.
Preloading 0 native plugins for Editor in 0.00 ms.
Mono: successfully reloaded assembly
- Completed reload, in  0.934 seconds
Platform modules already initialized, skipping
Switching build target platform(19) subTarget(0) extendedPlatform(0) -> platform(13) subTarget(537395200) extendedPlatform(0)
Refreshing native plugins compatible for Editor in 0.85 ms, found 2 plugins.
Preloading 0 native plugins for Editor in 0.00 ms.
Unloading 3469 Unused Serialized files (Serialized files now loaded: 0)
System memory in use before: 134.9 MB.
System memory in use after: 135.2 MB.

Unloading 25 unused Assets to reduce memory usage. Loaded Objects now: 3954.
Total: 2.604400 ms (FindLiveObjects: 0.356900 ms CreateObjectMapping: 0.091900 ms MarkObjects: 2.132800 ms  DeleteObjects: 0.021500 ms)

AssetImportParameters requested are different than current active one (requested -> active):
  custom:graphics/normal-map-encoding: 01000000000000000000000000000000 -> 02000000000000000000000000000000
========================================================================
Received Prepare
Registering precompiled user dll's ...
Registered in 0.003559 seconds.
Begin MonoManager ReloadAssembly
Native extension for WindowsStandalone target not found
Refreshing native plugins compatible for Editor in 0.90 ms, found 2 plugins.
Preloading 0 native plugins for Editor in 0.00 ms.
Mono: successfully reloaded assembly
- Completed reload, in  0.908 seconds
Platform modules already initialized, skipping
Switching build target platform(19) subTarget(0) extendedPlatform(0) -> platform(13) subTarget(537395200) extendedPlatform(0)
Refreshing native plugins compatible for Editor in 0.77 ms, found 2 plugins.
Preloading 0 native plugins for Editor in 0.00 ms.
Unloading 3469 Unused Serialized files (Serialized files now loaded: 0)
System memory in use before: 134.9 MB.
System memory in use after: 135.2 MB.

Unloading 25 unused Assets to reduce memory usage. Loaded Objects now: 3958.
Total: 2.518600 ms (FindLiveObjects: 0.312800 ms CreateObjectMapping: 0.079400 ms MarkObjects: 2.103100 ms  DeleteObjects: 0.022200 ms)

AssetImportParameters requested are different than current active one (requested -> active):
  custom:graphics/normal-map-encoding: 01000000000000000000000000000000 -> 02000000000000000000000000000000
========================================================================
Received Import Request.
  Time since last request: 275.438373 seconds.
  path: Assets/All Questions.txt
  artifactKey: Guid(313d3fab68213354b88f6de26c41e131) Importer(815301076,1909f56bfc062723c751e8b465ee728b)
Start importing Assets/All Questions.txt using Guid(313d3fab68213354b88f6de26c41e131) Importer(815301076,1909f56bfc062723c751e8b465ee728b)  -> (artifact id: 'b6eb20c621ca986086d4b72e7e57f90f') in 0.017625 seconds 
========================================================================
Received Prepare
Registering precompiled user dll's ...
Registered in 0.003622 seconds.
Begin MonoManager ReloadAssembly
Native extension for WindowsStandalone target not found
Refreshing native plugins compatible for Editor in 1.16 ms, found 2 plugins.
Preloading 0 native plugins for Editor in 0.00 ms.
Mono: successfully reloaded assembly
- Completed reload, in  0.951 seconds
Platform modules already initialized, skipping
Switching build target platform(19) subTarget(0) extendedPlatform(0) -> platform(13) subTarget(537395200) extendedPlatform(0)
Refreshing native plugins compatible for Editor in 0.81 ms, found 2 plugins.
Preloading 0 native plugins for Editor in 0.00 ms.
Unloading 3469 Unused Serialized files (Serialized files now loaded: 0)
System memory in use before: 134.9 MB.
System memory in use after: 135.2 MB.

Unloading 25 unused Assets to reduce memory usage. Loaded Objects now: 3962.
Total: 2.903300 ms (FindLiveObjects: 0.333000 ms CreateObjectMapping: 0.089000 ms MarkObjects: 2.458100 ms  DeleteObjects: 0.022200 ms)

AssetImportParameters requested are different than current active one (requested -> active):
  custom:graphics/normal-map-encoding: 01000000000000000000000000000000 -> 02000000000000000000000000000000
========================================================================
Received Prepare
Registering precompiled user dll's ...
Registered in 0.003481 seconds.
Begin MonoManager ReloadAssembly
Native extension for WindowsStandalone target not found
Refreshing native plugins compatible for Editor in 1.40 ms, found 2 plugins.
Preloading 0 native plugins for Editor in 0.00 ms.
Mono: successfully reloaded assembly
- Completed reload, in  0.922 seconds
Platform modules already initialized, skipping
Switching build target platform(19) subTarget(0) extendedPlatform(0) -> platform(13) subTarget(537395200) extendedPlatform(0)
Refreshing native plugins compatible for Editor in 0.64 ms, found 2 plugins.
Preloading 0 native plugins for Editor in 0.00 ms.
Unloading 3469 Unused Serialized files (Serialized files now loaded: 0)
System memory in use before: 135.0 MB.
System memory in use after: 135.2 MB.

Unloading 25 unused Assets to reduce memory usage. Loaded Objects now: 3966.
Total: 2.842600 ms (FindLiveObjects: 0.311900 ms CreateObjectMapping: 0.087600 ms MarkObjects: 2.418600 ms  DeleteObjects: 0.023300 ms)

AssetImportParameters requested are different than current active one (requested -> active):
  custom:graphics/normal-map-encoding: 01000000000000000000000000000000 -> 02000000000000000000000000000000
========================================================================
Received Prepare
Registering precompiled user dll's ...
Registered in 0.003816 seconds.
Begin MonoManager ReloadAssembly
Native extension for WindowsStandalone target not found
Refreshing native plugins compatible for Editor in 0.86 ms, found 2 plugins.
Preloading 0 native plugins for Editor in 0.00 ms.
Mono: successfully reloaded assembly
- Completed reload, in  0.966 seconds
Platform modules already initialized, skipping
Switching build target platform(19) subTarget(0) extendedPlatform(0) -> platform(13) subTarget(537395200) extendedPlatform(0)
Refreshing native plugins compatible for Editor in 0.56 ms, found 2 plugins.
Preloading 0 native plugins for Editor in 0.00 ms.
Unloading 3469 Unused Serialized files (Serialized files now loaded: 0)
System memory in use before: 135.0 MB.
System memory in use after: 135.2 MB.

Unloading 25 unused Assets to reduce memory usage. Loaded Objects now: 3970.
Total: 2.925700 ms (FindLiveObjects: 0.518900 ms CreateObjectMapping: 0.091900 ms MarkObjects: 2.292700 ms  DeleteObjects: 0.020200 ms)

AssetImportParameters requested are different than current active one (requested -> active):
  custom:graphics/normal-map-encoding: 01000000000000000000000000000000 -> 02000000000000000000000000000000
========================================================================
Received Prepare
Registering precompiled user dll's ...
Registered in 0.004090 seconds.
Begin MonoManager ReloadAssembly
Native extension for WindowsStandalone target not found
Refreshing native plugins compatible for Editor in 0.89 ms, found 2 plugins.
Preloading 0 native plugins for Editor in 0.00 ms.
Mono: successfully reloaded assembly
- Completed reload, in  0.963 seconds
Platform modules already initialized, skipping
Switching build target platform(19) subTarget(0) extendedPlatform(0) -> platform(13) subTarget(537395200) extendedPlatform(0)
Refreshing native plugins compatible for Editor in 0.84 ms, found 2 plugins.
Preloading 0 native plugins for Editor in 0.00 ms.
Unloading 3469 Unused Serialized files (Serialized files now loaded: 0)
System memory in use before: 135.0 MB.
System memory in use after: 135.2 MB.

Unloading 25 unused Assets to reduce memory usage. Loaded Objects now: 3974.
Total: 2.316500 ms (FindLiveObjects: 0.317000 ms CreateObjectMapping: 0.093100 ms MarkObjects: 1.889600 ms  DeleteObjects: 0.015600 ms)

AssetImportParameters requested are different than current active one (requested -> active):
  custom:graphics/normal-map-encoding: 01000000000000000000000000000000 -> 02000000000000000000000000000000
========================================================================
Received Import Request.
  Time since last request: 602.971774 seconds.
  path: Assets/All Questions.txt
  artifactKey: Guid(313d3fab68213354b88f6de26c41e131) Importer(815301076,1909f56bfc062723c751e8b465ee728b)
Start importing Assets/All Questions.txt using Guid(313d3fab68213354b88f6de26c41e131) Importer(815301076,1909f56bfc062723c751e8b465ee728b)  -> (artifact id: '52bb2d013f5c0d7a424fccc4e968d037') in 0.014013 seconds 
========================================================================
Received Prepare
Registering precompiled user dll's ...
Registered in 0.003713 seconds.
Begin MonoManager ReloadAssembly
Native extension for WindowsStandalone target not found
Refreshing native plugins compatible for Editor in 0.84 ms, found 2 plugins.
Preloading 0 native plugins for Editor in 0.00 ms.
Mono: successfully reloaded assembly
- Completed reload, in  0.939 seconds
Platform modules already initialized, skipping
Switching build target platform(19) subTarget(0) extendedPlatform(0) -> platform(13) subTarget(537395200) extendedPlatform(0)
Refreshing native plugins compatible for Editor in 0.65 ms, found 2 plugins.
Preloading 0 native plugins for Editor in 0.00 ms.
Unloading 3469 Unused Serialized files (Serialized files now loaded: 0)
System memory in use before: 135.0 MB.
System memory in use after: 135.2 MB.

Unloading 25 unused Assets to reduce memory usage. Loaded Objects now: 3978.
Total: 2.964200 ms (FindLiveObjects: 0.309900 ms CreateObjectMapping: 0.093500 ms MarkObjects: 2.537800 ms  DeleteObjects: 0.021600 ms)

AssetImportParameters requested are different than current active one (requested -> active):
  custom:graphics/normal-map-encoding: 01000000000000000000000000000000 -> 02000000000000000000000000000000
========================================================================
Received Prepare
Registering precompiled user dll's ...
Registered in 0.003720 seconds.
Begin MonoManager ReloadAssembly
Native extension for WindowsStandalone target not found
Refreshing native plugins compatible for Editor in 0.90 ms, found 2 plugins.
Preloading 0 native plugins for Editor in 0.00 ms.
Mono: successfully reloaded assembly
- Completed reload, in  1.000 seconds
Platform modules already initialized, skipping
Switching build target platform(19) subTarget(0) extendedPlatform(0) -> platform(13) subTarget(537395200) extendedPlatform(0)
Refreshing native plugins compatible for Editor in 1.19 ms, found 2 plugins.
Preloading 0 native plugins for Editor in 0.00 ms.
Unloading 3469 Unused Serialized files (Serialized files now loaded: 0)
System memory in use before: 135.0 MB.
System memory in use after: 135.2 MB.

Unloading 25 unused Assets to reduce memory usage. Loaded Objects now: 3982.
Total: 2.647300 ms (FindLiveObjects: 0.356200 ms CreateObjectMapping: 0.088300 ms MarkObjects: 2.180600 ms  DeleteObjects: 0.021200 ms)

AssetImportParameters requested are different than current active one (requested -> active):
  custom:graphics/normal-map-encoding: 01000000000000000000000000000000 -> 02000000000000000000000000000000
========================================================================
Received Prepare
Registering precompiled user dll's ...
Registered in 0.003837 seconds.
Begin MonoManager ReloadAssembly
Native extension for WindowsStandalone target not found
Refreshing native plugins compatible for Editor in 1.10 ms, found 2 plugins.
Preloading 0 native plugins for Editor in 0.00 ms.
Mono: successfully reloaded assembly
- Completed reload, in  0.957 seconds
Platform modules already initialized, skipping
Switching build target platform(19) subTarget(0) extendedPlatform(0) -> platform(13) subTarget(537395200) extendedPlatform(0)
Refreshing native plugins compatible for Editor in 0.67 ms, found 2 plugins.
Preloading 0 native plugins for Editor in 0.00 ms.
Unloading 3469 Unused Serialized files (Serialized files now loaded: 0)
System memory in use before: 135.0 MB.
System memory in use after: 135.2 MB.

Unloading 25 unused Assets to reduce memory usage. Loaded Objects now: 3986.
Total: 2.776700 ms (FindLiveObjects: 0.367600 ms CreateObjectMapping: 0.080800 ms MarkObjects: 2.297000 ms  DeleteObjects: 0.030100 ms)

AssetImportParameters requested are different than current active one (requested -> active):
  custom:graphics/normal-map-encoding: 01000000000000000000000000000000 -> 02000000000000000000000000000000
========================================================================
Received Prepare
Registering precompiled user dll's ...
Registered in 0.003655 seconds.
Begin MonoManager ReloadAssembly
Native extension for WindowsStandalone target not found
Refreshing native plugins compatible for Editor in 0.85 ms, found 2 plugins.
Preloading 0 native plugins for Editor in 0.00 ms.
Mono: successfully reloaded assembly
- Completed reload, in  1.012 seconds
Platform modules already initialized, skipping
Switching build target platform(19) subTarget(0) extendedPlatform(0) -> platform(13) subTarget(537395200) extendedPlatform(0)
Refreshing native plugins compatible for Editor in 0.75 ms, found 2 plugins.
Preloading 0 native plugins for Editor in 0.00 ms.
Unloading 3469 Unused Serialized files (Serialized files now loaded: 0)
System memory in use before: 135.0 MB.
System memory in use after: 135.2 MB.

Unloading 25 unused Assets to reduce memory usage. Loaded Objects now: 3990.
Total: 2.309300 ms (FindLiveObjects: 0.318000 ms CreateObjectMapping: 0.092000 ms MarkObjects: 1.883800 ms  DeleteObjects: 0.014500 ms)

AssetImportParameters requested are different than current active one (requested -> active):
  custom:graphics/normal-map-encoding: 01000000000000000000000000000000 -> 02000000000000000000000000000000
========================================================================
Received Import Request.
  Time since last request: 289.272122 seconds.
  path: Assets/Player.prefab
  artifactKey: Guid(981be6362f7df174591eef9b0999a266) Importer(815301076,1909f56bfc062723c751e8b465ee728b)
Start importing Assets/Player.prefab using Guid(981be6362f7df174591eef9b0999a266) Importer(815301076,1909f56bfc062723c751e8b465ee728b)  -> (artifact id: '60699f993462d7da762246c05e20d8d5') in 0.042645 seconds 
========================================================================
Received Import Request.
  Time since last request: 7.975870 seconds.
  path: Assets/Player.prefab
  artifactKey: Guid(981be6362f7df174591eef9b0999a266) Importer(815301076,1909f56bfc062723c751e8b465ee728b)
Start importing Assets/Player.prefab using Guid(981be6362f7df174591eef9b0999a266) Importer(815301076,1909f56bfc062723c751e8b465ee728b)  -> (artifact id: '6bbfac5da157fc58ef9377c0c206b968') in 0.005402 seconds 
========================================================================
Received Prepare
Registering precompiled user dll's ...
Registered in 0.003585 seconds.
Begin MonoManager ReloadAssembly
Native extension for WindowsStandalone target not found
Refreshing native plugins compatible for Editor in 0.87 ms, found 2 plugins.
Preloading 0 native plugins for Editor in 0.00 ms.
Mono: successfully reloaded assembly
- Completed reload, in  0.981 seconds
Platform modules already initialized, skipping
Switching build target platform(19) subTarget(0) extendedPlatform(0) -> platform(13) subTarget(537395200) extendedPlatform(0)
Refreshing native plugins compatible for Editor in 0.58 ms, found 2 plugins.
Preloading 0 native plugins for Editor in 0.00 ms.
Unloading 3469 Unused Serialized files (Serialized files now loaded: 0)
System memory in use before: 135.0 MB.
System memory in use after: 135.3 MB.

Unloading 27 unused Assets to reduce memory usage. Loaded Objects now: 3994.
Total: 2.315300 ms (FindLiveObjects: 0.318800 ms CreateObjectMapping: 0.103000 ms MarkObjects: 1.871900 ms  DeleteObjects: 0.020500 ms)

AssetImportParameters requested are different than current active one (requested -> active):
  custom:graphics/normal-map-encoding: 01000000000000000000000000000000 -> 02000000000000000000000000000000
========================================================================
Received Prepare
Registering precompiled user dll's ...
Registered in 0.003572 seconds.
Begin MonoManager ReloadAssembly
Native extension for WindowsStandalone target not found
Refreshing native plugins compatible for Editor in 0.88 ms, found 2 plugins.
Preloading 0 native plugins for Editor in 0.00 ms.
Mono: successfully reloaded assembly
- Completed reload, in  1.035 seconds
Platform modules already initialized, skipping
Switching build target platform(19) subTarget(0) extendedPlatform(0) -> platform(13) subTarget(537395200) extendedPlatform(0)
Refreshing native plugins compatible for Editor in 0.89 ms, found 2 plugins.
Preloading 0 native plugins for Editor in 0.00 ms.
Unloading 3469 Unused Serialized files (Serialized files now loaded: 0)
System memory in use before: 135.0 MB.
System memory in use after: 135.3 MB.

Unloading 25 unused Assets to reduce memory usage. Loaded Objects now: 3998.
Total: 2.569200 ms (FindLiveObjects: 0.330400 ms CreateObjectMapping: 0.088500 ms MarkObjects: 2.126000 ms  DeleteObjects: 0.022800 ms)

AssetImportParameters requested are different than current active one (requested -> active):
  custom:graphics/normal-map-encoding: 01000000000000000000000000000000 -> 02000000000000000000000000000000
========================================================================
Received Import Request.
  Time since last request: 69.391822 seconds.
  path: Assets/Player.prefab
  artifactKey: Guid(981be6362f7df174591eef9b0999a266) Importer(815301076,1909f56bfc062723c751e8b465ee728b)
Start importing Assets/Player.prefab using Guid(981be6362f7df174591eef9b0999a266) Importer(815301076,1909f56bfc062723c751e8b465ee728b)  -> (artifact id: 'd544ce36fe027c63cbb03e3aa57411db') in 0.041396 seconds 
========================================================================
Received Prepare
Registering precompiled user dll's ...
Registered in 0.003563 seconds.
Begin MonoManager ReloadAssembly
Native extension for WindowsStandalone target not found
Refreshing native plugins compatible for Editor in 0.85 ms, found 2 plugins.
Preloading 0 native plugins for Editor in 0.00 ms.
Mono: successfully reloaded assembly
- Completed reload, in  1.000 seconds
Platform modules already initialized, skipping
Switching build target platform(19) subTarget(0) extendedPlatform(0) -> platform(13) subTarget(537395200) extendedPlatform(0)
Refreshing native plugins compatible for Editor in 0.59 ms, found 2 plugins.
Preloading 0 native plugins for Editor in 0.00 ms.
Unloading 3469 Unused Serialized files (Serialized files now loaded: 0)
System memory in use before: 135.0 MB.
System memory in use after: 135.3 MB.

Unloading 27 unused Assets to reduce memory usage. Loaded Objects now: 4002.
Total: 2.582500 ms (FindLiveObjects: 0.304100 ms CreateObjectMapping: 0.079400 ms MarkObjects: 2.168400 ms  DeleteObjects: 0.029500 ms)

AssetImportParameters requested are different than current active one (requested -> active):
  custom:graphics/normal-map-encoding: 01000000000000000000000000000000 -> 02000000000000000000000000000000
========================================================================
Received Prepare
Registering precompiled user dll's ...
Registered in 0.003611 seconds.
Begin MonoManager ReloadAssembly
Native extension for WindowsStandalone target not found
Refreshing native plugins compatible for Editor in 0.83 ms, found 2 plugins.
Preloading 0 native plugins for Editor in 0.00 ms.
Mono: successfully reloaded assembly
- Completed reload, in  1.001 seconds
Platform modules already initialized, skipping
Switching build target platform(19) subTarget(0) extendedPlatform(0) -> platform(13) subTarget(537395200) extendedPlatform(0)
Refreshing native plugins compatible for Editor in 0.61 ms, found 2 plugins.
Preloading 0 native plugins for Editor in 0.00 ms.
Unloading 3469 Unused Serialized files (Serialized files now loaded: 0)
System memory in use before: 135.0 MB.
System memory in use after: 135.3 MB.

Unloading 25 unused Assets to reduce memory usage. Loaded Objects now: 4006.
Total: 2.753300 ms (FindLiveObjects: 0.307700 ms CreateObjectMapping: 0.102400 ms MarkObjects: 2.320600 ms  DeleteObjects: 0.021100 ms)

AssetImportParameters requested are different than current active one (requested -> active):
  custom:graphics/normal-map-encoding: 01000000000000000000000000000000 -> 02000000000000000000000000000000
========================================================================
Received Prepare
Registering precompiled user dll's ...
Registered in 0.003515 seconds.
Begin MonoManager ReloadAssembly
Native extension for WindowsStandalone target not found
Refreshing native plugins compatible for Editor in 0.85 ms, found 2 plugins.
Preloading 0 native plugins for Editor in 0.00 ms.
Mono: successfully reloaded assembly
- Completed reload, in  0.986 seconds
Platform modules already initialized, skipping
Switching build target platform(19) subTarget(0) extendedPlatform(0) -> platform(13) subTarget(537395200) extendedPlatform(0)
Refreshing native plugins compatible for Editor in 0.55 ms, found 2 plugins.
Preloading 0 native plugins for Editor in 0.00 ms.
Unloading 3469 Unused Serialized files (Serialized files now loaded: 0)
System memory in use before: 135.1 MB.
System memory in use after: 135.3 MB.

Unloading 25 unused Assets to reduce memory usage. Loaded Objects now: 4010.
Total: 2.666400 ms (FindLiveObjects: 0.339900 ms CreateObjectMapping: 0.089200 ms MarkObjects: 2.214600 ms  DeleteObjects: 0.021100 ms)

AssetImportParameters requested are different than current active one (requested -> active):
  custom:graphics/normal-map-encoding: 01000000000000000000000000000000 -> 02000000000000000000000000000000
========================================================================
Received Import Request.
  Time since last request: 580.217653 seconds.
  path: Assets/AddPlayer.cs
  artifactKey: Guid(743aaa01e128d6b4594687038e1e0915) Importer(815301076,1909f56bfc062723c751e8b465ee728b)
Start importing Assets/AddPlayer.cs using Guid(743aaa01e128d6b4594687038e1e0915) Importer(815301076,1909f56bfc062723c751e8b465ee728b)  -> (artifact id: 'a47303ed13b17ac613f350477ed08d26') in 0.007003 seconds 
========================================================================
Received Import Request.
  Time since last request: 1.567635 seconds.
  path: Assets/AddPlayer1.cs
  artifactKey: Guid(e48188d7d9f0e3c499e84b61719ed61f) Importer(815301076,1909f56bfc062723c751e8b465ee728b)
Start importing Assets/AddPlayer1.cs using Guid(e48188d7d9f0e3c499e84b61719ed61f) Importer(815301076,1909f56bfc062723c751e8b465ee728b)  -> (artifact id: '56dbdc105829cf3b35e5a7d248c9217a') in 0.002315 seconds 
========================================================================
Received Import Request.
  Time since last request: 9.249865 seconds.
  path: Assets/AddQuest.cs
  artifactKey: Guid(e48188d7d9f0e3c499e84b61719ed61f) Importer(815301076,1909f56bfc062723c751e8b465ee728b)
Start importing Assets/AddQuest.cs using Guid(e48188d7d9f0e3c499e84b61719ed61f) Importer(815301076,1909f56bfc062723c751e8b465ee728b)  -> (artifact id: '8388ff47f823d9bc8c507bc58833c209') in 0.003279 seconds 
========================================================================
Received Prepare
Registering precompiled user dll's ...
Registered in 0.003686 seconds.
Begin MonoManager ReloadAssembly
Native extension for WindowsStandalone target not found
Refreshing native plugins compatible for Editor in 0.86 ms, found 2 plugins.
Preloading 0 native plugins for Editor in 0.00 ms.
Mono: successfully reloaded assembly
- Completed reload, in  1.050 seconds
Platform modules already initialized, skipping
Switching build target platform(19) subTarget(0) extendedPlatform(0) -> platform(13) subTarget(537395200) extendedPlatform(0)
Refreshing native plugins compatible for Editor in 0.65 ms, found 2 plugins.
Preloading 0 native plugins for Editor in 0.00 ms.
Unloading 3470 Unused Serialized files (Serialized files now loaded: 0)
System memory in use before: 135.1 MB.
System memory in use after: 135.3 MB.

Unloading 25 unused Assets to reduce memory usage. Loaded Objects now: 4015.
Total: 2.293300 ms (FindLiveObjects: 0.317400 ms CreateObjectMapping: 0.088200 ms MarkObjects: 1.872000 ms  DeleteObjects: 0.015000 ms)

AssetImportParameters requested are different than current active one (requested -> active):
  custom:graphics/normal-map-encoding: 01000000000000000000000000000000 -> 02000000000000000000000000000000
========================================================================
Received Import Request.
  Time since last request: 237.266960 seconds.
  path: Assets/AddQuest.cs
  artifactKey: Guid(e48188d7d9f0e3c499e84b61719ed61f) Importer(815301076,1909f56bfc062723c751e8b465ee728b)
Start importing Assets/AddQuest.cs using Guid(e48188d7d9f0e3c499e84b61719ed61f) Importer(815301076,1909f56bfc062723c751e8b465ee728b)  -> (artifact id: '626691d907895475b0b2d5f0b89b469b') in 0.006718 seconds 
========================================================================
Received Prepare
Registering precompiled user dll's ...
Registered in 0.004666 seconds.
Begin MonoManager ReloadAssembly
Native extension for WindowsStandalone target not found
Refreshing native plugins compatible for Editor in 1.47 ms, found 2 plugins.
Preloading 0 native plugins for Editor in 0.00 ms.
Mono: successfully reloaded assembly
- Completed reload, in  1.092 seconds
Platform modules already initialized, skipping
Switching build target platform(19) subTarget(0) extendedPlatform(0) -> platform(13) subTarget(537395200) extendedPlatform(0)
Refreshing native plugins compatible for Editor in 1.06 ms, found 2 plugins.
Preloading 0 native plugins for Editor in 0.00 ms.
Unloading 3470 Unused Serialized files (Serialized files now loaded: 0)
System memory in use before: 135.1 MB.
System memory in use after: 135.3 MB.

Unloading 25 unused Assets to reduce memory usage. Loaded Objects now: 4019.
Total: 2.790100 ms (FindLiveObjects: 0.475700 ms CreateObjectMapping: 0.110200 ms MarkObjects: 2.178300 ms  DeleteObjects: 0.024700 ms)

AssetImportParameters requested are different than current active one (requested -> active):
  custom:graphics/normal-map-encoding: 01000000000000000000000000000000 -> 02000000000000000000000000000000
========================================================================
Received Import Request.
  Time since last request: 1905.011641 seconds.
  path: Assets/Player.prefab
  artifactKey: Guid(981be6362f7df174591eef9b0999a266) Importer(815301076,1909f56bfc062723c751e8b465ee728b)
Start importing Assets/Player.prefab using Guid(981be6362f7df174591eef9b0999a266) Importer(815301076,1909f56bfc062723c751e8b465ee728b)  -> (artifact id: 'd5b7417bc1c75816e7a6a62e466912e3') in 0.044697 seconds 
========================================================================
Received Prepare
Registering precompiled user dll's ...
Registered in 0.004380 seconds.
Begin MonoManager ReloadAssembly
Native extension for WindowsStandalone target not found
Refreshing native plugins compatible for Editor in 0.87 ms, found 2 plugins.
Preloading 0 native plugins for Editor in 0.00 ms.
Mono: successfully reloaded assembly
- Completed reload, in  1.118 seconds
Platform modules already initialized, skipping
Switching build target platform(19) subTarget(0) extendedPlatform(0) -> platform(13) subTarget(537395200) extendedPlatform(0)
Refreshing native plugins compatible for Editor in 0.88 ms, found 2 plugins.
Preloading 0 native plugins for Editor in 0.00 ms.
Unloading 3470 Unused Serialized files (Serialized files now loaded: 0)
System memory in use before: 135.1 MB.
System memory in use after: 135.4 MB.

Unloading 27 unused Assets to reduce memory usage. Loaded Objects now: 4023.
Total: 2.864300 ms (FindLiveObjects: 0.326100 ms CreateObjectMapping: 0.094700 ms MarkObjects: 2.418500 ms  DeleteObjects: 0.023800 ms)

AssetImportParameters requested are different than current active one (requested -> active):
  custom:graphics/normal-map-encoding: 01000000000000000000000000000000 -> 02000000000000000000000000000000
========================================================================
Received Import Request.
  Time since last request: 76.265569 seconds.
  path: Assets/Player.cs
  artifactKey: Guid(bd0c2a5580c65f3408e458580d84f58a) Importer(815301076,1909f56bfc062723c751e8b465ee728b)
Start importing Assets/Player.cs using Guid(bd0c2a5580c65f3408e458580d84f58a) Importer(815301076,1909f56bfc062723c751e8b465ee728b)  -> (artifact id: '8beb7960a30f5f6f86956165708231fc') in 0.007041 seconds 
========================================================================
Received Prepare
Registering precompiled user dll's ...
Registered in 0.004411 seconds.
Begin MonoManager ReloadAssembly
Native extension for WindowsStandalone target not found
Refreshing native plugins compatible for Editor in 0.87 ms, found 2 plugins.
Preloading 0 native plugins for Editor in 0.00 ms.
Mono: successfully reloaded assembly
- Completed reload, in  1.150 seconds
Platform modules already initialized, skipping
Switching build target platform(19) subTarget(0) extendedPlatform(0) -> platform(13) subTarget(537395200) extendedPlatform(0)
Refreshing native plugins compatible for Editor in 0.87 ms, found 2 plugins.
Preloading 0 native plugins for Editor in 0.00 ms.
Unloading 3471 Unused Serialized files (Serialized files now loaded: 0)
System memory in use before: 135.1 MB.
System memory in use after: 135.4 MB.

Unloading 25 unused Assets to reduce memory usage. Loaded Objects now: 4028.
Total: 2.812500 ms (FindLiveObjects: 0.396400 ms CreateObjectMapping: 0.092700 ms MarkObjects: 2.297600 ms  DeleteObjects: 0.024800 ms)

AssetImportParameters requested are different than current active one (requested -> active):
  custom:graphics/normal-map-encoding: 01000000000000000000000000000000 -> 02000000000000000000000000000000
========================================================================
Received Import Request.
  Time since last request: 13.610713 seconds.
  path: Assets/Quest.cs
  artifactKey: Guid(946531642a82398448e2559004b52ea9) Importer(815301076,1909f56bfc062723c751e8b465ee728b)
Start importing Assets/Quest.cs using Guid(946531642a82398448e2559004b52ea9) Importer(815301076,1909f56bfc062723c751e8b465ee728b)  -> (artifact id: '83d83b66bbae2b878673b03491b7ddea') in 0.007638 seconds 
========================================================================
Received Prepare
Registering precompiled user dll's ...
Registered in 0.003921 seconds.
Begin MonoManager ReloadAssembly
Native extension for WindowsStandalone target not found
Refreshing native plugins compatible for Editor in 0.98 ms, found 2 plugins.
Preloading 0 native plugins for Editor in 0.00 ms.
Mono: successfully reloaded assembly
- Completed reload, in  1.097 seconds
Platform modules already initialized, skipping
Switching build target platform(19) subTarget(0) extendedPlatform(0) -> platform(13) subTarget(537395200) extendedPlatform(0)
Refreshing native plugins compatible for Editor in 0.70 ms, found 2 plugins.
Preloading 0 native plugins for Editor in 0.00 ms.
Unloading 3472 Unused Serialized files (Serialized files now loaded: 0)
System memory in use before: 135.2 MB.
System memory in use after: 135.4 MB.

Unloading 25 unused Assets to reduce memory usage. Loaded Objects now: 4033.
Total: 2.914100 ms (FindLiveObjects: 0.323200 ms CreateObjectMapping: 0.095100 ms MarkObjects: 2.472000 ms  DeleteObjects: 0.022200 ms)

AssetImportParameters requested are different than current active one (requested -> active):
  custom:graphics/normal-map-encoding: 01000000000000000000000000000000 -> 02000000000000000000000000000000
========================================================================
Received Import Request.
  Time since last request: 594.542541 seconds.
  path: Assets/Quest.cs
  artifactKey: Guid(946531642a82398448e2559004b52ea9) Importer(815301076,1909f56bfc062723c751e8b465ee728b)
Start importing Assets/Quest.cs using Guid(946531642a82398448e2559004b52ea9) Importer(815301076,1909f56bfc062723c751e8b465ee728b)  -> (artifact id: '6b8b3e1d553a5ddcfac98e27477a1938') in 0.006823 seconds 
========================================================================
Received Prepare
Registering precompiled user dll's ...
Registered in 0.003896 seconds.
Begin MonoManager ReloadAssembly
Native extension for WindowsStandalone target not found
Refreshing native plugins compatible for Editor in 0.86 ms, found 2 plugins.
Preloading 0 native plugins for Editor in 0.00 ms.
Mono: successfully reloaded assembly
- Completed reload, in  1.061 seconds
Platform modules already initialized, skipping
Switching build target platform(19) subTarget(0) extendedPlatform(0) -> platform(13) subTarget(537395200) extendedPlatform(0)
Refreshing native plugins compatible for Editor in 0.55 ms, found 2 plugins.
Preloading 0 native plugins for Editor in 0.00 ms.
Unloading 3472 Unused Serialized files (Serialized files now loaded: 0)
System memory in use before: 135.2 MB.
System memory in use after: 135.4 MB.

Unloading 25 unused Assets to reduce memory usage. Loaded Objects now: 4037.
Total: 2.226500 ms (FindLiveObjects: 0.309200 ms CreateObjectMapping: 0.088600 ms MarkObjects: 1.811700 ms  DeleteObjects: 0.015500 ms)

AssetImportParameters requested are different than current active one (requested -> active):
  custom:graphics/normal-map-encoding: 01000000000000000000000000000000 -> 02000000000000000000000000000000
========================================================================
Received Import Request.
  Time since last request: 66.666985 seconds.
  path: Assets/All Questions.txt
  artifactKey: Guid(313d3fab68213354b88f6de26c41e131) Importer(815301076,1909f56bfc062723c751e8b465ee728b)
Start importing Assets/All Questions.txt using Guid(313d3fab68213354b88f6de26c41e131) Importer(815301076,1909f56bfc062723c751e8b465ee728b)  -> (artifact id: '8c7970c92ee46a9044c930b14b3cacf7') in 0.014338 seconds 
========================================================================
Received Prepare
Registering precompiled user dll's ...
Registered in 0.004110 seconds.
Begin MonoManager ReloadAssembly
Native extension for WindowsStandalone target not found
Refreshing native plugins compatible for Editor in 0.86 ms, found 2 plugins.
Preloading 0 native plugins for Editor in 0.00 ms.
Mono: successfully reloaded assembly
- Completed reload, in  1.100 seconds
Platform modules already initialized, skipping
Switching build target platform(19) subTarget(0) extendedPlatform(0) -> platform(13) subTarget(537395200) extendedPlatform(0)
Refreshing native plugins compatible for Editor in 0.70 ms, found 2 plugins.
Preloading 0 native plugins for Editor in 0.00 ms.
Unloading 3472 Unused Serialized files (Serialized files now loaded: 0)
System memory in use before: 135.2 MB.
System memory in use after: 135.4 MB.

Unloading 25 unused Assets to reduce memory usage. Loaded Objects now: 4041.
Total: 2.504300 ms (FindLiveObjects: 0.347500 ms CreateObjectMapping: 0.092100 ms MarkObjects: 2.047900 ms  DeleteObjects: 0.015600 ms)

AssetImportParameters requested are different than current active one (requested -> active):
  custom:graphics/normal-map-encoding: 01000000000000000000000000000000 -> 02000000000000000000000000000000
========================================================================
Received Import Request.
  Time since last request: 279.669564 seconds.
  path: Assets/Player.prefab
  artifactKey: Guid(981be6362f7df174591eef9b0999a266) Importer(815301076,1909f56bfc062723c751e8b465ee728b)
Start importing Assets/Player.prefab using Guid(981be6362f7df174591eef9b0999a266) Importer(815301076,1909f56bfc062723c751e8b465ee728b)  -> (artifact id: '5e1b4e0ffbbdece394b2138429f6874e') in 0.042662 seconds 
========================================================================
Received Prepare
Registering precompiled user dll's ...
Registered in 0.003934 seconds.
Begin MonoManager ReloadAssembly
Native extension for WindowsStandalone target not found
Refreshing native plugins compatible for Editor in 0.87 ms, found 2 plugins.
Preloading 0 native plugins for Editor in 0.00 ms.
Mono: successfully reloaded assembly
- Completed reload, in  1.099 seconds
Platform modules already initialized, skipping
Switching build target platform(19) subTarget(0) extendedPlatform(0) -> platform(13) subTarget(537395200) extendedPlatform(0)
Refreshing native plugins compatible for Editor in 0.65 ms, found 2 plugins.
Preloading 0 native plugins for Editor in 0.00 ms.
Unloading 3472 Unused Serialized files (Serialized files now loaded: 0)
System memory in use before: 135.2 MB.
System memory in use after: 135.4 MB.

Unloading 27 unused Assets to reduce memory usage. Loaded Objects now: 4045.
Total: 2.505100 ms (FindLiveObjects: 0.323600 ms CreateObjectMapping: 0.093900 ms MarkObjects: 1.972500 ms  DeleteObjects: 0.113700 ms)

AssetImportParameters requested are different than current active one (requested -> active):
  custom:graphics/normal-map-encoding: 01000000000000000000000000000000 -> 02000000000000000000000000000000
========================================================================
Received Prepare
Registering precompiled user dll's ...
Registered in 0.003897 seconds.
Begin MonoManager ReloadAssembly
Native extension for WindowsStandalone target not found
Refreshing native plugins compatible for Editor in 0.84 ms, found 2 plugins.
Preloading 0 native plugins for Editor in 0.00 ms.
Mono: successfully reloaded assembly
- Completed reload, in  1.081 seconds
Platform modules already initialized, skipping
Switching build target platform(19) subTarget(0) extendedPlatform(0) -> platform(13) subTarget(537395200) extendedPlatform(0)
Refreshing native plugins compatible for Editor in 0.78 ms, found 2 plugins.
Preloading 0 native plugins for Editor in 0.00 ms.
Unloading 3472 Unused Serialized files (Serialized files now loaded: 0)
System memory in use before: 135.2 MB.
System memory in use after: 135.4 MB.

Unloading 25 unused Assets to reduce memory usage. Loaded Objects now: 4049.
Total: 2.971500 ms (FindLiveObjects: 0.402100 ms CreateObjectMapping: 0.088600 ms MarkObjects: 2.455300 ms  DeleteObjects: 0.023300 ms)

AssetImportParameters requested are different than current active one (requested -> active):
  custom:graphics/normal-map-encoding: 01000000000000000000000000000000 -> 02000000000000000000000000000000
========================================================================
Received Prepare
Registering precompiled user dll's ...
Registered in 0.004059 seconds.
Begin MonoManager ReloadAssembly
Native extension for WindowsStandalone target not found
Refreshing native plugins compatible for Editor in 0.86 ms, found 2 plugins.
Preloading 0 native plugins for Editor in 0.00 ms.
Mono: successfully reloaded assembly
- Completed reload, in  1.088 seconds
Platform modules already initialized, skipping
Switching build target platform(19) subTarget(0) extendedPlatform(0) -> platform(13) subTarget(537395200) extendedPlatform(0)
Refreshing native plugins compatible for Editor in 0.89 ms, found 2 plugins.
Preloading 0 native plugins for Editor in 0.00 ms.
Unloading 3472 Unused Serialized files (Serialized files now loaded: 0)
System memory in use before: 135.2 MB.
System memory in use after: 135.5 MB.

Unloading 25 unused Assets to reduce memory usage. Loaded Objects now: 4053.
Total: 2.686500 ms (FindLiveObjects: 0.340200 ms CreateObjectMapping: 0.082400 ms MarkObjects: 2.239700 ms  DeleteObjects: 0.023100 ms)

AssetImportParameters requested are different than current active one (requested -> active):
  custom:graphics/normal-map-encoding: 01000000000000000000000000000000 -> 02000000000000000000000000000000
========================================================================
Received Import Request.
  Time since last request: 500.704290 seconds.
  path: Assets/All Questions.txt
  artifactKey: Guid(313d3fab68213354b88f6de26c41e131) Importer(815301076,1909f56bfc062723c751e8b465ee728b)
Start importing Assets/All Questions.txt using Guid(313d3fab68213354b88f6de26c41e131) Importer(815301076,1909f56bfc062723c751e8b465ee728b)  -> (artifact id: 'c9abc4430b4d952f8e44964e17bf5d8f') in 0.014199 seconds 
========================================================================
Received Prepare
Registering precompiled user dll's ...
Registered in 0.003940 seconds.
Begin MonoManager ReloadAssembly
Native extension for WindowsStandalone target not found
Refreshing native plugins compatible for Editor in 0.90 ms, found 2 plugins.
Preloading 0 native plugins for Editor in 0.00 ms.
Mono: successfully reloaded assembly
- Completed reload, in  1.138 seconds
Platform modules already initialized, skipping
Switching build target platform(19) subTarget(0) extendedPlatform(0) -> platform(13) subTarget(537395200) extendedPlatform(0)
Refreshing native plugins compatible for Editor in 0.79 ms, found 2 plugins.
Preloading 0 native plugins for Editor in 0.00 ms.
Unloading 3472 Unused Serialized files (Serialized files now loaded: 0)
System memory in use before: 135.2 MB.
System memory in use after: 135.5 MB.

Unloading 25 unused Assets to reduce memory usage. Loaded Objects now: 4057.
Total: 2.389900 ms (FindLiveObjects: 0.407200 ms CreateObjectMapping: 0.099100 ms MarkObjects: 1.867900 ms  DeleteObjects: 0.014700 ms)

AssetImportParameters requested are different than current active one (requested -> active):
  custom:graphics/normal-map-encoding: 01000000000000000000000000000000 -> 02000000000000000000000000000000
========================================================================
Received Prepare
Registering precompiled user dll's ...
Registered in 0.004121 seconds.
Begin MonoManager ReloadAssembly
Native extension for WindowsStandalone target not found
Refreshing native plugins compatible for Editor in 1.02 ms, found 2 plugins.
Preloading 0 native plugins for Editor in 0.00 ms.
Mono: successfully reloaded assembly
- Completed reload, in  1.149 seconds
Platform modules already initialized, skipping
Switching build target platform(19) subTarget(0) extendedPlatform(0) -> platform(13) subTarget(537395200) extendedPlatform(0)
Refreshing native plugins compatible for Editor in 0.84 ms, found 2 plugins.
Preloading 0 native plugins for Editor in 0.00 ms.
Unloading 3472 Unused Serialized files (Serialized files now loaded: 0)
System memory in use before: 135.2 MB.
System memory in use after: 135.5 MB.

Unloading 25 unused Assets to reduce memory usage. Loaded Objects now: 4061.
Total: 2.923900 ms (FindLiveObjects: 0.357600 ms CreateObjectMapping: 0.091100 ms MarkObjects: 2.451000 ms  DeleteObjects: 0.022600 ms)

AssetImportParameters requested are different than current active one (requested -> active):
  custom:graphics/normal-map-encoding: 01000000000000000000000000000000 -> 02000000000000000000000000000000
========================================================================
Received Prepare
Registering precompiled user dll's ...
Registered in 0.004128 seconds.
Begin MonoManager ReloadAssembly
Native extension for WindowsStandalone target not found
Refreshing native plugins compatible for Editor in 0.84 ms, found 2 plugins.
Preloading 0 native plugins for Editor in 0.00 ms.
Mono: successfully reloaded assembly
- Completed reload, in  1.105 seconds
Platform modules already initialized, skipping
Switching build target platform(19) subTarget(0) extendedPlatform(0) -> platform(13) subTarget(537395200) extendedPlatform(0)
Refreshing native plugins compatible for Editor in 0.77 ms, found 2 plugins.
Preloading 0 native plugins for Editor in 0.00 ms.
Unloading 3472 Unused Serialized files (Serialized files now loaded: 0)
System memory in use before: 135.2 MB.
System memory in use after: 135.5 MB.

Unloading 25 unused Assets to reduce memory usage. Loaded Objects now: 4065.
Total: 2.814300 ms (FindLiveObjects: 0.344100 ms CreateObjectMapping: 0.104100 ms MarkObjects: 2.350300 ms  DeleteObjects: 0.014800 ms)

AssetImportParameters requested are different than current active one (requested -> active):
  custom:graphics/normal-map-encoding: 01000000000000000000000000000000 -> 02000000000000000000000000000000
========================================================================
Received Prepare
Registering precompiled user dll's ...
Registered in 0.004315 seconds.
Begin MonoManager ReloadAssembly
Native extension for WindowsStandalone target not found
Refreshing native plugins compatible for Editor in 0.94 ms, found 2 plugins.
Preloading 0 native plugins for Editor in 0.00 ms.
Mono: successfully reloaded assembly
- Completed reload, in  1.114 seconds
Platform modules already initialized, skipping
Switching build target platform(19) subTarget(0) extendedPlatform(0) -> platform(13) subTarget(537395200) extendedPlatform(0)
Refreshing native plugins compatible for Editor in 0.65 ms, found 2 plugins.
Preloading 0 native plugins for Editor in 0.00 ms.
Unloading 3472 Unused Serialized files (Serialized files now loaded: 0)
System memory in use before: 135.3 MB.
System memory in use after: 135.5 MB.

Unloading 25 unused Assets to reduce memory usage. Loaded Objects now: 4069.
Total: 2.792900 ms (FindLiveObjects: 0.317100 ms CreateObjectMapping: 0.087400 ms MarkObjects: 2.365200 ms  DeleteObjects: 0.021900 ms)

AssetImportParameters requested are different than current active one (requested -> active):
  custom:graphics/normal-map-encoding: 01000000000000000000000000000000 -> 02000000000000000000000000000000
========================================================================
Received Prepare
Registering precompiled user dll's ...
Registered in 0.003863 seconds.
Begin MonoManager ReloadAssembly
Native extension for WindowsStandalone target not found
Refreshing native plugins compatible for Editor in 0.86 ms, found 2 plugins.
Preloading 0 native plugins for Editor in 0.00 ms.
Mono: successfully reloaded assembly
- Completed reload, in  1.112 seconds
Platform modules already initialized, skipping
Switching build target platform(19) subTarget(0) extendedPlatform(0) -> platform(13) subTarget(537395200) extendedPlatform(0)
Refreshing native plugins compatible for Editor in 0.67 ms, found 2 plugins.
Preloading 0 native plugins for Editor in 0.00 ms.
Unloading 3472 Unused Serialized files (Serialized files now loaded: 0)
System memory in use before: 135.3 MB.
System memory in use after: 135.5 MB.

Unloading 25 unused Assets to reduce memory usage. Loaded Objects now: 4073.
Total: 2.657700 ms (FindLiveObjects: 0.325800 ms CreateObjectMapping: 0.087900 ms MarkObjects: 2.219500 ms  DeleteObjects: 0.023200 ms)

AssetImportParameters requested are different than current active one (requested -> active):
  custom:graphics/normal-map-encoding: 01000000000000000000000000000000 -> 02000000000000000000000000000000
========================================================================
Received Prepare
Registering precompiled user dll's ...
Registered in 0.003973 seconds.
Begin MonoManager ReloadAssembly
Native extension for WindowsStandalone target not found
Refreshing native plugins compatible for Editor in 0.92 ms, found 2 plugins.
Preloading 0 native plugins for Editor in 0.00 ms.
Mono: successfully reloaded assembly
- Completed reload, in  1.175 seconds
Platform modules already initialized, skipping
Switching build target platform(19) subTarget(0) extendedPlatform(0) -> platform(13) subTarget(537395200) extendedPlatform(0)
Refreshing native plugins compatible for Editor in 0.68 ms, found 2 plugins.
Preloading 0 native plugins for Editor in 0.00 ms.
Unloading 3472 Unused Serialized files (Serialized files now loaded: 0)
System memory in use before: 135.3 MB.
System memory in use after: 135.5 MB.

Unloading 25 unused Assets to reduce memory usage. Loaded Objects now: 4077.
Total: 2.347400 ms (FindLiveObjects: 0.335800 ms CreateObjectMapping: 0.082100 ms MarkObjects: 1.912900 ms  DeleteObjects: 0.015400 ms)

AssetImportParameters requested are different than current active one (requested -> active):
  custom:graphics/normal-map-encoding: 01000000000000000000000000000000 -> 02000000000000000000000000000000
========================================================================
Received Prepare
Registering precompiled user dll's ...
Registered in 0.003990 seconds.
Begin MonoManager ReloadAssembly
Native extension for WindowsStandalone target not found
Refreshing native plugins compatible for Editor in 0.94 ms, found 2 plugins.
Preloading 0 native plugins for Editor in 0.00 ms.
Mono: successfully reloaded assembly
- Completed reload, in  1.118 seconds
Platform modules already initialized, skipping
Switching build target platform(19) subTarget(0) extendedPlatform(0) -> platform(13) subTarget(537395200) extendedPlatform(0)
Refreshing native plugins compatible for Editor in 0.78 ms, found 2 plugins.
Preloading 0 native plugins for Editor in 0.00 ms.
Unloading 3472 Unused Serialized files (Serialized files now loaded: 0)
System memory in use before: 135.3 MB.
System memory in use after: 135.5 MB.

Unloading 25 unused Assets to reduce memory usage. Loaded Objects now: 4081.
Total: 2.879900 ms (FindLiveObjects: 0.333400 ms CreateObjectMapping: 0.095100 ms MarkObjects: 2.427700 ms  DeleteObjects: 0.022400 ms)

AssetImportParameters requested are different than current active one (requested -> active):
  custom:graphics/normal-map-encoding: 01000000000000000000000000000000 -> 02000000000000000000000000000000
========================================================================
Received Prepare
Registering precompiled user dll's ...
Registered in 0.004393 seconds.
Begin MonoManager ReloadAssembly
Native extension for WindowsStandalone target not found
Refreshing native plugins compatible for Editor in 0.89 ms, found 2 plugins.
Preloading 0 native plugins for Editor in 0.00 ms.
Mono: successfully reloaded assembly
- Completed reload, in  1.193 seconds
Platform modules already initialized, skipping
Switching build target platform(19) subTarget(0) extendedPlatform(0) -> platform(13) subTarget(537395200) extendedPlatform(0)
Refreshing native plugins compatible for Editor in 0.95 ms, found 2 plugins.
Preloading 0 native plugins for Editor in 0.00 ms.
Unloading 3472 Unused Serialized files (Serialized files now loaded: 0)
System memory in use before: 135.3 MB.
System memory in use after: 135.5 MB.

Unloading 25 unused Assets to reduce memory usage. Loaded Objects now: 4085.
Total: 2.337400 ms (FindLiveObjects: 0.334400 ms CreateObjectMapping: 0.092400 ms MarkObjects: 1.893900 ms  DeleteObjects: 0.015400 ms)

AssetImportParameters requested are different than current active one (requested -> active):
  custom:graphics/normal-map-encoding: 01000000000000000000000000000000 -> 02000000000000000000000000000000
========================================================================
Received Prepare
Registering precompiled user dll's ...
Registered in 0.004481 seconds.
Begin MonoManager ReloadAssembly
Native extension for WindowsStandalone target not found
Refreshing native plugins compatible for Editor in 1.11 ms, found 2 plugins.
Preloading 0 native plugins for Editor in 0.00 ms.
Mono: successfully reloaded assembly
- Completed reload, in  1.189 seconds
Platform modules already initialized, skipping
Switching build target platform(19) subTarget(0) extendedPlatform(0) -> platform(13) subTarget(537395200) extendedPlatform(0)
Refreshing native plugins compatible for Editor in 0.70 ms, found 2 plugins.
Preloading 0 native plugins for Editor in 0.00 ms.
Unloading 3472 Unused Serialized files (Serialized files now loaded: 0)
System memory in use before: 135.3 MB.
System memory in use after: 135.5 MB.

Unloading 25 unused Assets to reduce memory usage. Loaded Objects now: 4089.
Total: 2.323100 ms (FindLiveObjects: 0.317900 ms CreateObjectMapping: 0.089300 ms MarkObjects: 1.900100 ms  DeleteObjects: 0.014700 ms)

AssetImportParameters requested are different than current active one (requested -> active):
  custom:graphics/normal-map-encoding: 01000000000000000000000000000000 -> 02000000000000000000000000000000
========================================================================
Received Import Request.
  Time since last request: 727.859121 seconds.
  path: Assets/Player.prefab
  artifactKey: Guid(981be6362f7df174591eef9b0999a266) Importer(815301076,1909f56bfc062723c751e8b465ee728b)
Start importing Assets/Player.prefab using Guid(981be6362f7df174591eef9b0999a266) Importer(815301076,1909f56bfc062723c751e8b465ee728b)  -> (artifact id: 'e8dc2e40cead0d11c587a028b1b77862') in 0.043864 seconds 
========================================================================
Received Import Request.
  Time since last request: 4.212607 seconds.
  path: Assets/Player.prefab
  artifactKey: Guid(981be6362f7df174591eef9b0999a266) Importer(815301076,1909f56bfc062723c751e8b465ee728b)
Start importing Assets/Player.prefab using Guid(981be6362f7df174591eef9b0999a266) Importer(815301076,1909f56bfc062723c751e8b465ee728b)  -> (artifact id: 'fc555bbbb420df3e504f563c7512f8fd') in 0.005465 seconds 
========================================================================
Received Import Request.
  Time since last request: 12.499321 seconds.
  path: Assets/Player.prefab
  artifactKey: Guid(981be6362f7df174591eef9b0999a266) Importer(815301076,1909f56bfc062723c751e8b465ee728b)
Start importing Assets/Player.prefab using Guid(981be6362f7df174591eef9b0999a266) Importer(815301076,1909f56bfc062723c751e8b465ee728b)  -> (artifact id: '3b4a20637d0554a47dff8896a92355f9') in 0.006026 seconds 
========================================================================
Received Prepare
Registering precompiled user dll's ...
Registered in 0.004070 seconds.
Begin MonoManager ReloadAssembly
Native extension for WindowsStandalone target not found
Refreshing native plugins compatible for Editor in 1.11 ms, found 2 plugins.
Preloading 0 native plugins for Editor in 0.00 ms.
Mono: successfully reloaded assembly
- Completed reload, in  1.157 seconds
Platform modules already initialized, skipping
Switching build target platform(19) subTarget(0) extendedPlatform(0) -> platform(13) subTarget(537395200) extendedPlatform(0)
Refreshing native plugins compatible for Editor in 0.79 ms, found 2 plugins.
Preloading 0 native plugins for Editor in 0.00 ms.
Unloading 3472 Unused Serialized files (Serialized files now loaded: 0)
System memory in use before: 135.3 MB.
System memory in use after: 135.5 MB.

Unloading 27 unused Assets to reduce memory usage. Loaded Objects now: 4093.
Total: 2.962700 ms (FindLiveObjects: 0.387000 ms CreateObjectMapping: 0.082000 ms MarkObjects: 2.458000 ms  DeleteObjects: 0.034200 ms)

AssetImportParameters requested are different than current active one (requested -> active):
  custom:graphics/normal-map-encoding: 01000000000000000000000000000000 -> 02000000000000000000000000000000
========================================================================
Received Prepare
Registering precompiled user dll's ...
Registered in 0.003979 seconds.
Begin MonoManager ReloadAssembly
Native extension for WindowsStandalone target not found
Refreshing native plugins compatible for Editor in 0.84 ms, found 2 plugins.
Preloading 0 native plugins for Editor in 0.00 ms.
Mono: successfully reloaded assembly
- Completed reload, in  1.176 seconds
Platform modules already initialized, skipping
Switching build target platform(19) subTarget(0) extendedPlatform(0) -> platform(13) subTarget(537395200) extendedPlatform(0)
Refreshing native plugins compatible for Editor in 0.61 ms, found 2 plugins.
Preloading 0 native plugins for Editor in 0.00 ms.
Unloading 3472 Unused Serialized files (Serialized files now loaded: 0)
System memory in use before: 135.3 MB.
System memory in use after: 135.6 MB.

Unloading 25 unused Assets to reduce memory usage. Loaded Objects now: 4097.
Total: 2.344600 ms (FindLiveObjects: 0.336500 ms CreateObjectMapping: 0.094800 ms MarkObjects: 1.898100 ms  DeleteObjects: 0.014300 ms)

AssetImportParameters requested are different than current active one (requested -> active):
  custom:graphics/normal-map-encoding: 01000000000000000000000000000000 -> 02000000000000000000000000000000
========================================================================
Received Prepare
Registering precompiled user dll's ...
Registered in 0.004029 seconds.
Begin MonoManager ReloadAssembly
Native extension for WindowsStandalone target not found
Refreshing native plugins compatible for Editor in 0.87 ms, found 2 plugins.
Preloading 0 native plugins for Editor in 0.00 ms.
Mono: successfully reloaded assembly
- Completed reload, in  1.163 seconds
Platform modules already initialized, skipping
Switching build target platform(19) subTarget(0) extendedPlatform(0) -> platform(13) subTarget(537395200) extendedPlatform(0)
Refreshing native plugins compatible for Editor in 0.62 ms, found 2 plugins.
Preloading 0 native plugins for Editor in 0.00 ms.
Unloading 3472 Unused Serialized files (Serialized files now loaded: 0)
System memory in use before: 135.3 MB.
System memory in use after: 135.6 MB.

Unloading 25 unused Assets to reduce memory usage. Loaded Objects now: 4101.
Total: 2.653700 ms (FindLiveObjects: 0.338500 ms CreateObjectMapping: 0.104900 ms MarkObjects: 2.186600 ms  DeleteObjects: 0.022900 ms)

AssetImportParameters requested are different than current active one (requested -> active):
  custom:graphics/normal-map-encoding: 01000000000000000000000000000000 -> 02000000000000000000000000000000
========================================================================
Received Prepare
Registering precompiled user dll's ...
Registered in 0.004069 seconds.
Begin MonoManager ReloadAssembly
Native extension for WindowsStandalone target not found
Refreshing native plugins compatible for Editor in 0.98 ms, found 2 plugins.
Preloading 0 native plugins for Editor in 0.00 ms.
Mono: successfully reloaded assembly
- Completed reload, in  1.222 seconds
Platform modules already initialized, skipping
Switching build target platform(19) subTarget(0) extendedPlatform(0) -> platform(13) subTarget(537395200) extendedPlatform(0)
Refreshing native plugins compatible for Editor in 0.54 ms, found 2 plugins.
Preloading 0 native plugins for Editor in 0.00 ms.
Unloading 3472 Unused Serialized files (Serialized files now loaded: 0)
System memory in use before: 135.3 MB.
System memory in use after: 135.6 MB.

Unloading 25 unused Assets to reduce memory usage. Loaded Objects now: 4105.
Total: 2.639800 ms (FindLiveObjects: 0.346200 ms CreateObjectMapping: 0.104200 ms MarkObjects: 2.164200 ms  DeleteObjects: 0.024100 ms)

AssetImportParameters requested are different than current active one (requested -> active):
  custom:graphics/normal-map-encoding: 01000000000000000000000000000000 -> 02000000000000000000000000000000
========================================================================
Received Prepare
Registering precompiled user dll's ...
Registered in 0.004118 seconds.
Begin MonoManager ReloadAssembly
Native extension for WindowsStandalone target not found
Refreshing native plugins compatible for Editor in 0.85 ms, found 2 plugins.
Preloading 0 native plugins for Editor in 0.00 ms.
Mono: successfully reloaded assembly
- Completed reload, in  1.175 seconds
Platform modules already initialized, skipping
Switching build target platform(19) subTarget(0) extendedPlatform(0) -> platform(13) subTarget(537395200) extendedPlatform(0)
Refreshing native plugins compatible for Editor in 1.16 ms, found 2 plugins.
Preloading 0 native plugins for Editor in 0.00 ms.
Unloading 3472 Unused Serialized files (Serialized files now loaded: 0)
System memory in use before: 135.3 MB.
System memory in use after: 135.6 MB.

Unloading 25 unused Assets to reduce memory usage. Loaded Objects now: 4109.
Total: 2.520200 ms (FindLiveObjects: 0.435100 ms CreateObjectMapping: 0.086400 ms MarkObjects: 1.979500 ms  DeleteObjects: 0.018000 ms)

AssetImportParameters requested are different than current active one (requested -> active):
  custom:graphics/normal-map-encoding: 01000000000000000000000000000000 -> 02000000000000000000000000000000
AssetImportWorkerClient::OnTransportError - code=2 error=End of file
