Using pre-set license
Built from '2021.1/staging' branch; Version is '2021.1.6f1 (c0fade0cc7e9) revision 12647134'; Using compiler version '192528614'; Build Type 'Release'
OS: 'Windows 10 Home; OS build 19043.1766; Version 2009; 64bit' Language: 'en' Physical Memory: 16334 MB
BatchMode: 1, IsHumanControllingUs: 0, StartBugReporterOnCrash: 0, Is64bit: 1, IsPro: 0

 COMMAND LINE ARGUMENTS:
C:\Program Files\Unity\Hub\Editor\2021.1.6f1\Editor\Unity.exe
-adb2
-batchMode
-noUpm
-name
AssetImportWorker0
-projectPath
C:/Users/hagel/Documents/Unity/Bottle
-logFile
Logs/AssetImportWorker0.log
-srvPort
62170
Successfully changed project path to: C:/Users/hagel/Documents/Unity/Bottle
C:/Users/hagel/Documents/Unity/Bottle
Using Asset Import Pipeline V2.
Refreshing native plugins compatible for Editor in 101.72 ms, found 2 plugins.
Preloading 0 native plugins for Editor in 0.00 ms.
Initialize engine version: 2021.1.6f1 (c0fade0cc7e9)
[Subsystems] Discovering subsystems at path C:/Program Files/Unity/Hub/Editor/2021.1.6f1/Editor/Data/Resources/UnitySubsystems
[Subsystems] Discovering subsystems at path C:/Users/hagel/Documents/Unity/Bottle/Assets
GfxDevice: creating device client; threaded=0; jobified=0
Direct3D:
    Version:  Direct3D 11.0 [level 11.1]
    Renderer: AMD Radeon RX 5600 XT (ID=0x731f)
    Vendor:   ATI
    VRAM:     6103 MB
    Driver:   30.0.21017.1000
Initialize mono
Mono path[0] = 'C:/Program Files/Unity/Hub/Editor/2021.1.6f1/Editor/Data/Managed'
Mono path[1] = 'C:/Program Files/Unity/Hub/Editor/2021.1.6f1/Editor/Data/MonoBleedingEdge/lib/mono/unityjit'
Mono config path = 'C:/Program Files/Unity/Hub/Editor/2021.1.6f1/Editor/Data/MonoBleedingEdge/etc'
Using monoOptions --debugger-agent=transport=dt_socket,embedding=1,server=y,suspend=n,address=127.0.0.1:56240
Begin MonoManager ReloadAssembly
Registering precompiled unity dll's ...
Register platform support module: C:/Program Files/Unity/Hub/Editor/2021.1.6f1/Editor/Data/PlaybackEngines/WindowsStandaloneSupport/UnityEditor.WindowsStandalone.Extensions.dll
Registered in 0.002992 seconds.
Native extension for WindowsStandalone target not found
Refreshing native plugins compatible for Editor in 92.27 ms, found 2 plugins.
Preloading 0 native plugins for Editor in 0.00 ms.
Mono: successfully reloaded assembly
- Completed reload, in  1.989 seconds
Platform modules already initialized, skipping
Registering precompiled user dll's ...
Registered in 0.005115 seconds.
Begin MonoManager ReloadAssembly
Native extension for WindowsStandalone target not found
Refreshing native plugins compatible for Editor in 91.21 ms, found 2 plugins.
Preloading 0 native plugins for Editor in 0.00 ms.
Mono: successfully reloaded assembly
- Completed reload, in  1.089 seconds
Platform modules already initialized, skipping
========================================================================
Worker process is ready to serve import requests
Launched and connected shader compiler UnityShaderCompiler.exe after 0.05 seconds
Refreshing native plugins compatible for Editor in 0.91 ms, found 2 plugins.
Preloading 0 native plugins for Editor in 0.00 ms.
Unloading 3479 Unused Serialized files (Serialized files now loaded: 0)
System memory in use before: 135.3 MB.
System memory in use after: 135.5 MB.

Unloading 37 unused Assets to reduce memory usage. Loaded Objects now: 3924.
Total: 2.412700 ms (FindLiveObjects: 0.322000 ms CreateObjectMapping: 0.080000 ms MarkObjects: 1.950200 ms  DeleteObjects: 0.058900 ms)

========================================================================
Received Import Request.
  path: Assets/Scripts
  artifactKey: Guid(1b64fa2d7c10c7d48b0395d80f590f0d) Importer(815301076,1909f56bfc062723c751e8b465ee728b)
Start importing Assets/Scripts using Guid(1b64fa2d7c10c7d48b0395d80f590f0d) Importer(815301076,1909f56bfc062723c751e8b465ee728b)  -> (artifact id: '7479fde28cfb62d593b4b8deeb2100d9') in 0.007375 seconds 
========================================================================
Received Import Request.
  Time since last request: 0.000179 seconds.
  path: Assets/AddPlayer.cs
  artifactKey: Guid(743aaa01e128d6b4594687038e1e0915) Importer(815301076,1909f56bfc062723c751e8b465ee728b)
Start importing Assets/AddPlayer.cs using Guid(743aaa01e128d6b4594687038e1e0915) Importer(815301076,1909f56bfc062723c751e8b465ee728b)  -> (artifact id: '80858c5ba1e780f526d9bfdaccf7fa80') in 0.029741 seconds 
========================================================================
Received Import Request.
  Time since last request: 1.788049 seconds.
  path: Assets/START.cs
  artifactKey: Guid(9a273b649f9c44243b7891d891c9c299) Importer(815301076,1909f56bfc062723c751e8b465ee728b)
Start importing Assets/START.cs using Guid(9a273b649f9c44243b7891d891c9c299) Importer(815301076,1909f56bfc062723c751e8b465ee728b)  -> (artifact id: '452c6c288421235fab42e8ae9c346baa') in 0.002657 seconds 
========================================================================
Received Import Request.
  Time since last request: 2.899505 seconds.
  path: Assets/Game.cs
  artifactKey: Guid(d5a967e3cf6ef13469b3a8bdec87e04b) Importer(815301076,1909f56bfc062723c751e8b465ee728b)
Start importing Assets/Game.cs using Guid(d5a967e3cf6ef13469b3a8bdec87e04b) Importer(815301076,1909f56bfc062723c751e8b465ee728b)  -> (artifact id: '209354f8a73be9d317f4185a4219fdec') in 0.002555 seconds 
========================================================================
Received Import Request.
  Time since last request: 0.627067 seconds.
  path: Assets/MainMenu.cs
  artifactKey: Guid(df617fa92b1d5ef4db77c12c2ea3284e) Importer(815301076,1909f56bfc062723c751e8b465ee728b)
Start importing Assets/MainMenu.cs using Guid(df617fa92b1d5ef4db77c12c2ea3284e) Importer(815301076,1909f56bfc062723c751e8b465ee728b)  -> (artifact id: '86f707e12fe39173758882fb52177c52') in 0.002549 seconds 
========================================================================
Received Prepare
Registering precompiled user dll's ...
Registered in 0.005259 seconds.
Begin MonoManager ReloadAssembly
Native extension for WindowsStandalone target not found
Refreshing native plugins compatible for Editor in 1.03 ms, found 2 plugins.
Preloading 0 native plugins for Editor in 0.00 ms.
Mono: successfully reloaded assembly
- Completed reload, in  1.002 seconds
Platform modules already initialized, skipping
Switching build target platform(19) subTarget(0) extendedPlatform(0) -> platform(13) subTarget(537395200) extendedPlatform(0)
Refreshing native plugins compatible for Editor in 0.76 ms, found 2 plugins.
Preloading 0 native plugins for Editor in 0.00 ms.
Unloading 3472 Unused Serialized files (Serialized files now loaded: 0)
System memory in use before: 134.8 MB.
System memory in use after: 135.0 MB.

Unloading 25 unused Assets to reduce memory usage. Loaded Objects now: 3928.
Total: 3.040600 ms (FindLiveObjects: 0.442800 ms CreateObjectMapping: 0.207500 ms MarkObjects: 2.368700 ms  DeleteObjects: 0.020600 ms)

AssetImportParameters requested are different than current active one (requested -> active):
  custom:graphics/normal-map-encoding: 01000000000000000000000000000000 -> 02000000000000000000000000000000
AssetImportWorkerClient::OnTransportError - code=2 error=End of file
